{
"contracts/Voting.sol":{"l":{"42":66,"43":58,"51":9,"55":8,"62":30,"63":28,"65":26,"66":26,"73":22,"74":20,"77":18,"78":18,"79":18,"80":18,"86":19,"87":17,"88":15,"90":13,"91":13,"92":13,"94":13,"101":32,"102":30,"104":30,"105":30,"106":30,"108":30,"112":23,"113":21,"114":21,"118":17,"119":15,"120":15,"124":9,"125":7,"126":7,"131":7,"132":5,"133":5,"134":12,"135":5,"138":5,"140":5,"141":5},"path":"/home/fab/COURSALYRA/votingTestshardhat/contracts/Voting.sol","s":{"1":66,"2":9,"3":8,"4":30,"5":28,"6":26,"7":22,"8":20,"9":18,"10":18,"11":18,"12":19,"13":17,"14":15,"15":13,"16":32,"17":30,"18":30,"19":30,"20":23,"21":21,"22":17,"23":15,"24":9,"25":7,"26":7,"27":5,"28":5,"29":12,"30":5},"b":{"1":[58,8],"2":[9,3],"3":[8,1],"4":[30,2],"5":[28,2],"6":[26,2],"7":[22,2],"8":[20,2],"9":[18,2],"10":[19,2],"11":[17,2],"12":[15,2],"13":[13,2],"14":[32,2],"15":[30,2],"16":[23,2],"17":[21,2],"18":[17,2],"19":[15,2],"20":[9,2],"21":[7,2],"22":[7,2],"23":[5,2],"24":[5,7]},"f":{"1":66,"2":9,"3":8,"4":30,"5":22,"6":19,"7":32,"8":23,"9":17,"10":9,"11":7},"fnMap":{"1":{"name":"onlyVoters","line":41,"loc":{"start":{"line":41,"column":4},"end":{"line":44,"column":4}}},"2":{"name":"getVoter","line":50,"loc":{"start":{"line":50,"column":4},"end":{"line":52,"column":4}}},"3":{"name":"getOneProposal","line":54,"loc":{"start":{"line":54,"column":4},"end":{"line":56,"column":4}}},"4":{"name":"addVoter","line":61,"loc":{"start":{"line":61,"column":4},"end":{"line":67,"column":4}}},"5":{"name":"addProposal","line":72,"loc":{"start":{"line":72,"column":4},"end":{"line":81,"column":4}}},"6":{"name":"setVote","line":85,"loc":{"start":{"line":85,"column":4},"end":{"line":95,"column":4}}},"7":{"name":"startProposalsRegistering","line":100,"loc":{"start":{"line":100,"column":4},"end":{"line":109,"column":4}}},"8":{"name":"endProposalsRegistering","line":111,"loc":{"start":{"line":111,"column":4},"end":{"line":115,"column":4}}},"9":{"name":"startVotingSession","line":117,"loc":{"start":{"line":117,"column":4},"end":{"line":121,"column":4}}},"10":{"name":"endVotingSession","line":123,"loc":{"start":{"line":123,"column":4},"end":{"line":127,"column":4}}},"11":{"name":"tallyVotes","line":130,"loc":{"start":{"line":130,"column":3},"end":{"line":142,"column":4}}}},"statementMap":{"1":{"start":{"line":42,"column":8},"end":{"line":42,"column":69}},"2":{"start":{"line":51,"column":8},"end":{"line":51,"column":28}},"3":{"start":{"line":55,"column":8},"end":{"line":55,"column":34}},"4":{"start":{"line":62,"column":8},"end":{"line":62,"column":105}},"5":{"start":{"line":63,"column":8},"end":{"line":63,"column":72}},"6":{"start":{"line":66,"column":8},"end":{"line":66,"column":35}},"7":{"start":{"line":73,"column":8},"end":{"line":73,"column":110}},"8":{"start":{"line":74,"column":8},"end":{"line":74,"column":94}},"9":{"start":{"line":77,"column":8},"end":{"line":77,"column":32}},"10":{"start":{"line":79,"column":8},"end":{"line":79,"column":36}},"11":{"start":{"line":80,"column":8},"end":{"line":80,"column":56}},"12":{"start":{"line":86,"column":8},"end":{"line":86,"column":106}},"13":{"start":{"line":87,"column":8},"end":{"line":87,"column":77}},"14":{"start":{"line":88,"column":8},"end":{"line":88,"column":65}},"15":{"start":{"line":94,"column":8},"end":{"line":94,"column":35}},"16":{"start":{"line":101,"column":8},"end":{"line":101,"column":111}},"17":{"start":{"line":104,"column":8},"end":{"line":104,"column":32}},"18":{"start":{"line":106,"column":8},"end":{"line":106,"column":36}},"19":{"start":{"line":108,"column":8},"end":{"line":108,"column":112}},"20":{"start":{"line":112,"column":8},"end":{"line":112,"column":121}},"21":{"start":{"line":114,"column":8},"end":{"line":114,"column":121}},"22":{"start":{"line":118,"column":8},"end":{"line":118,"column":122}},"23":{"start":{"line":120,"column":8},"end":{"line":120,"column":113}},"24":{"start":{"line":124,"column":8},"end":{"line":124,"column":106}},"25":{"start":{"line":126,"column":8},"end":{"line":126,"column":105}},"26":{"start":{"line":131,"column":7},"end":{"line":131,"column":112}},"27":{"start":{"line":132,"column":7},"end":{"line":132,"column":30}},"28":{"start":{"line":133,"column":6},"end":{"line":133,"column":4817}},"29":{"start":{"line":134,"column":11},"end":{"line":134,"column":4885}},"30":{"start":{"line":141,"column":7},"end":{"line":141,"column":96}}},"branchMap":{"1":{"line":42,"type":"if","locations":[{"start":{"line":42,"column":8},"end":{"line":42,"column":8}},{"start":{"line":42,"column":8},"end":{"line":42,"column":8}}]},"2":{"line":50,"type":"if","locations":[{"start":{"line":50,"column":46},"end":{"line":50,"column":46}},{"start":{"line":50,"column":46},"end":{"line":50,"column":46}}]},"3":{"line":54,"type":"if","locations":[{"start":{"line":54,"column":47},"end":{"line":54,"column":47}},{"start":{"line":54,"column":47},"end":{"line":54,"column":47}}]},"4":{"line":61,"type":"if","locations":[{"start":{"line":61,"column":46},"end":{"line":61,"column":46}},{"start":{"line":61,"column":46},"end":{"line":61,"column":46}}]},"5":{"line":62,"type":"if","locations":[{"start":{"line":62,"column":8},"end":{"line":62,"column":8}},{"start":{"line":62,"column":8},"end":{"line":62,"column":8}}]},"6":{"line":63,"type":"if","locations":[{"start":{"line":63,"column":8},"end":{"line":63,"column":8}},{"start":{"line":63,"column":8},"end":{"line":63,"column":8}}]},"7":{"line":72,"type":"if","locations":[{"start":{"line":72,"column":57},"end":{"line":72,"column":57}},{"start":{"line":72,"column":57},"end":{"line":72,"column":57}}]},"8":{"line":73,"type":"if","locations":[{"start":{"line":73,"column":8},"end":{"line":73,"column":8}},{"start":{"line":73,"column":8},"end":{"line":73,"column":8}}]},"9":{"line":74,"type":"if","locations":[{"start":{"line":74,"column":8},"end":{"line":74,"column":8}},{"start":{"line":74,"column":8},"end":{"line":74,"column":8}}]},"10":{"line":85,"type":"if","locations":[{"start":{"line":85,"column":41},"end":{"line":85,"column":41}},{"start":{"line":85,"column":41},"end":{"line":85,"column":41}}]},"11":{"line":86,"type":"if","locations":[{"start":{"line":86,"column":8},"end":{"line":86,"column":8}},{"start":{"line":86,"column":8},"end":{"line":86,"column":8}}]},"12":{"line":87,"type":"if","locations":[{"start":{"line":87,"column":8},"end":{"line":87,"column":8}},{"start":{"line":87,"column":8},"end":{"line":87,"column":8}}]},"13":{"line":88,"type":"if","locations":[{"start":{"line":88,"column":8},"end":{"line":88,"column":8}},{"start":{"line":88,"column":8},"end":{"line":88,"column":8}}]},"14":{"line":100,"type":"if","locations":[{"start":{"line":100,"column":50},"end":{"line":100,"column":50}},{"start":{"line":100,"column":50},"end":{"line":100,"column":50}}]},"15":{"line":101,"type":"if","locations":[{"start":{"line":101,"column":8},"end":{"line":101,"column":8}},{"start":{"line":101,"column":8},"end":{"line":101,"column":8}}]},"16":{"line":111,"type":"if","locations":[{"start":{"line":111,"column":48},"end":{"line":111,"column":48}},{"start":{"line":111,"column":48},"end":{"line":111,"column":48}}]},"17":{"line":112,"type":"if","locations":[{"start":{"line":112,"column":8},"end":{"line":112,"column":8}},{"start":{"line":112,"column":8},"end":{"line":112,"column":8}}]},"18":{"line":117,"type":"if","locations":[{"start":{"line":117,"column":43},"end":{"line":117,"column":43}},{"start":{"line":117,"column":43},"end":{"line":117,"column":43}}]},"19":{"line":118,"type":"if","locations":[{"start":{"line":118,"column":8},"end":{"line":118,"column":8}},{"start":{"line":118,"column":8},"end":{"line":118,"column":8}}]},"20":{"line":123,"type":"if","locations":[{"start":{"line":123,"column":41},"end":{"line":123,"column":41}},{"start":{"line":123,"column":41},"end":{"line":123,"column":41}}]},"21":{"line":124,"type":"if","locations":[{"start":{"line":124,"column":8},"end":{"line":124,"column":8}},{"start":{"line":124,"column":8},"end":{"line":124,"column":8}}]},"22":{"line":130,"type":"if","locations":[{"start":{"line":130,"column":34},"end":{"line":130,"column":34}},{"start":{"line":130,"column":34},"end":{"line":130,"column":34}}]},"23":{"line":131,"type":"if","locations":[{"start":{"line":131,"column":7},"end":{"line":131,"column":7}},{"start":{"line":131,"column":7},"end":{"line":131,"column":7}}]},"24":{"line":134,"type":"if","locations":[{"start":{"line":134,"column":11},"end":{"line":134,"column":11}},{"start":{"line":134,"column":11},"end":{"line":134,"column":11}}]}}}}
