TN:
SF:/home/fab/COURSALYRA/votingTestshardhat/contracts/Voting.sol
FN:41,onlyVoters
FN:50,getVoter
FN:54,getOneProposal
FN:61,addVoter
FN:72,addProposal
FN:85,setVote
FN:100,startProposalsRegistering
FN:111,endProposalsRegistering
FN:117,startVotingSession
FN:123,endVotingSession
FN:130,tallyVotes
FNF:11
FNH:11
FNDA:66,onlyVoters
FNDA:9,getVoter
FNDA:8,getOneProposal
FNDA:30,addVoter
FNDA:22,addProposal
FNDA:19,setVote
FNDA:32,startProposalsRegistering
FNDA:23,endProposalsRegistering
FNDA:17,startVotingSession
FNDA:9,endVotingSession
FNDA:7,tallyVotes
DA:42,66
DA:43,58
DA:51,9
DA:55,8
DA:62,30
DA:63,28
DA:65,26
DA:66,26
DA:73,22
DA:74,20
DA:77,18
DA:78,18
DA:79,18
DA:80,18
DA:86,19
DA:87,17
DA:88,15
DA:90,13
DA:91,13
DA:92,13
DA:94,13
DA:101,32
DA:102,30
DA:104,30
DA:105,30
DA:106,30
DA:108,30
DA:112,23
DA:113,21
DA:114,21
DA:118,17
DA:119,15
DA:120,15
DA:124,9
DA:125,7
DA:126,7
DA:131,7
DA:132,5
DA:133,5
DA:134,12
DA:135,5
DA:138,5
DA:140,5
DA:141,5
LF:44
LH:44
BRDA:42,1,0,58
BRDA:42,1,1,8
BRDA:50,2,0,9
BRDA:50,2,1,3
BRDA:54,3,0,8
BRDA:54,3,1,1
BRDA:61,4,0,30
BRDA:61,4,1,2
BRDA:62,5,0,28
BRDA:62,5,1,2
BRDA:63,6,0,26
BRDA:63,6,1,2
BRDA:72,7,0,22
BRDA:72,7,1,2
BRDA:73,8,0,20
BRDA:73,8,1,2
BRDA:74,9,0,18
BRDA:74,9,1,2
BRDA:85,10,0,19
BRDA:85,10,1,2
BRDA:86,11,0,17
BRDA:86,11,1,2
BRDA:87,12,0,15
BRDA:87,12,1,2
BRDA:88,13,0,13
BRDA:88,13,1,2
BRDA:100,14,0,32
BRDA:100,14,1,2
BRDA:101,15,0,30
BRDA:101,15,1,2
BRDA:111,16,0,23
BRDA:111,16,1,2
BRDA:112,17,0,21
BRDA:112,17,1,2
BRDA:117,18,0,17
BRDA:117,18,1,2
BRDA:118,19,0,15
BRDA:118,19,1,2
BRDA:123,20,0,9
BRDA:123,20,1,2
BRDA:124,21,0,7
BRDA:124,21,1,2
BRDA:130,22,0,7
BRDA:130,22,1,2
BRDA:131,23,0,5
BRDA:131,23,1,2
BRDA:134,24,0,5
BRDA:134,24,1,7
BRF:48
BRH:48
end_of_record
